<?xml version="1.0" encoding="UTF-8"?>
<!-- Generated by org.testng.reporters.JUnitReportReporter -->
<testsuite skipped="0" hostname="PQA-0591LT" name="tests.RotationMode" tests="1" failures="0" timestamp="2023-06-01T10:48:40 EDT" time="10.895" errors="0">
  <testcase name="RotationTest" time="10.895" classname="tests.RotationMode"/>
  <system-out/>
</testsuite> <!-- tests.RotationMode -->
