<?xml version="1.0" encoding="UTF-8"?>
<!-- Generated by org.testng.reporters.JUnitReportReporter -->
<testsuite skipped="0" hostname="PQA-0591LT" name="AppiumBasics.LongPressGestures" tests="1" failures="0" timestamp="2023-05-31T20:49:50 EDT" time="7.687" errors="0">
  <testcase name="LongPressTest" time="7.687" classname="AppiumBasics.LongPressGestures"/>
  <system-out/>
</testsuite> <!-- AppiumBasics.LongPressGestures -->
