<?xml version="1.0" encoding="UTF-8"?>
<!-- Generated by org.testng.reporters.JUnitReportReporter -->
<testsuite skipped="0" hostname="PQA-0591LT" name="tests.DragDrop" tests="1" failures="0" timestamp="2023-06-01T10:09:34 EDT" time="4.296" errors="0">
  <testcase name="DragDropTest" time="4.296" classname="tests.DragDrop"/>
  <system-out/>
</testsuite> <!-- tests.DragDrop -->
