<?xml version="1.0" encoding="UTF-8"?>
<!-- Generated by org.testng.reporters.JUnitReportReporter -->
<testsuite skipped="0" hostname="PQA-0591LT" name="tests.CopyToClipBoard" tests="1" failures="0" timestamp="2023-06-01T10:51:00 EDT" time="11.402" errors="0">
  <testcase name="CopyToClipBoardTest" time="11.402" classname="tests.CopyToClipBoard"/>
  <system-out/>
</testsuite> <!-- tests.CopyToClipBoard -->
