<?xml version="1.0" encoding="UTF-8"?>
<!-- Generated by org.testng.reporters.JUnitReportReporter -->
<testsuite skipped="0" hostname="PQA-0591LT" name="tests.E2E_Ecommerce" tests="1" failures="0" timestamp="2023-06-01T18:57:40 EDT" time="47.100" errors="0">
  <testcase name="E2ETest" time="47.100" classname="tests.E2E_Ecommerce"/>
  <system-out/>
</testsuite> <!-- tests.E2E_Ecommerce -->
